0 info it worked if it ends with ok
1 verbose cli [ '/home/mariia/.nvm/versions/node/v6.11.1/bin/node',
1 verbose cli   '/home/mariia/.nvm/versions/node/v6.11.1/bin/npm',
1 verbose cli   'run',
1 verbose cli   'build-dev' ]
2 info using npm@3.10.10
3 info using node@v6.11.1
4 verbose run-script [ 'prebuild-dev', 'build-dev', 'postbuild-dev' ]
5 info lifecycle @~prebuild-dev: @
6 silly lifecycle @~prebuild-dev: no script for prebuild-dev, continuing
7 info lifecycle @~build-dev: @
8 verbose lifecycle @~build-dev: unsafe-perm in lifecycle true
9 verbose lifecycle @~build-dev: PATH: /home/mariia/.nvm/versions/node/v6.11.1/lib/node_modules/npm/bin/node-gyp-bin:/home/mariia/PhpstormProjects/laravelAngular2/laravel-angular/node_modules/.bin:/home/mariia/.nvm/versions/node/v6.11.1/bin:/home/mariia/bin:/home/mariia/.local/bin:/home/mariia/bin:/home/mariia/.local/bin:/usr/local/sbin:/usr/local/bin:/usr/sbin:/usr/bin:/sbin:/bin:/usr/games:/usr/local/games:/snap/bin:/usr/lib/jvm/java-8-oracle/bin:/usr/lib/jvm/java-8-oracle/db/bin:/usr/lib/jvm/java-8-oracle/jre/bin:/snap/bin:/usr/lib/jvm/java-8-oracle/bin:/usr/lib/jvm/java-8-oracle/db/bin:/usr/lib/jvm/java-8-oracle/jre/bin
10 verbose lifecycle @~build-dev: CWD: /home/mariia/PhpstormProjects/laravelAngular2/laravel-angular
11 silly lifecycle @~build-dev: Args: [ '-c',
11 silly lifecycle   'rimraf public/build && webpack --progress --profile --bail' ]
12 silly lifecycle @~build-dev: Returned: code: 2  signal: null
13 info lifecycle @~build-dev: Failed to exec build-dev script
14 verbose stack Error: @ build-dev: `rimraf public/build && webpack --progress --profile --bail`
14 verbose stack Exit status 2
14 verbose stack     at EventEmitter.<anonymous> (/home/mariia/.nvm/versions/node/v6.11.1/lib/node_modules/npm/lib/utils/lifecycle.js:255:16)
14 verbose stack     at emitTwo (events.js:106:13)
14 verbose stack     at EventEmitter.emit (events.js:191:7)
14 verbose stack     at ChildProcess.<anonymous> (/home/mariia/.nvm/versions/node/v6.11.1/lib/node_modules/npm/lib/utils/spawn.js:40:14)
14 verbose stack     at emitTwo (events.js:106:13)
14 verbose stack     at ChildProcess.emit (events.js:191:7)
14 verbose stack     at maybeClose (internal/child_process.js:891:16)
14 verbose stack     at Process.ChildProcess._handle.onexit (internal/child_process.js:226:5)
15 verbose pkgid @
16 verbose cwd /home/mariia/PhpstormProjects/laravelAngular2/laravel-angular
17 error Linux 4.10.0-27-generic
18 error argv "/home/mariia/.nvm/versions/node/v6.11.1/bin/node" "/home/mariia/.nvm/versions/node/v6.11.1/bin/npm" "run" "build-dev"
19 error node v6.11.1
20 error npm  v3.10.10
21 error code ELIFECYCLE
22 error @ build-dev: `rimraf public/build && webpack --progress --profile --bail`
22 error Exit status 2
23 error Failed at the @ build-dev script 'rimraf public/build && webpack --progress --profile --bail'.
23 error Make sure you have the latest version of node.js and npm installed.
23 error If you do, this is most likely a problem with the  package,
23 error not with npm itself.
23 error Tell the author that this fails on your system:
23 error     rimraf public/build && webpack --progress --profile --bail
23 error You can get information on how to open an issue for this project with:
23 error     npm bugs
23 error Or if that isn't available, you can get their info via:
23 error     npm owner ls
23 error There is likely additional logging output above.
24 verbose exit [ 1, true ]
